<?xml version="1.0" encoding="UTF-8"?>
<!-- Generated by org.testng.reporters.JUnitReportReporter -->
<testsuite hostname="DESKTOP-DIQN68A" failures="0" tests="3" name="MaheshChavan.test.SubmitOrderTest" time="34.341" errors="0" timestamp="2024-12-11T02:29:42 IST" skipped="0">
  <testcase classname="MaheshChavan.test.SubmitOrderTest" name="submitorder" time="14.168"/>
  <testcase classname="MaheshChavan.test.SubmitOrderTest" name="orderHistory" time="9.120"/>
  <testcase classname="MaheshChavan.test.SubmitOrderTest" name="submitorder" time="11.053"/>
</testsuite> <!-- MaheshChavan.test.SubmitOrderTest -->
