<?xml version="1.0" encoding="UTF-8"?>
<!-- Generated by org.testng.reporters.JUnitReportReporter -->
<testsuite hostname="DESKTOP-DIQN68A" failures="0" tests="2" name="MaheshChavan.test.ErrorValidationsTest" time="24.611" errors="0" timestamp="2024-12-12T19:18:22 IST" skipped="0">
  <testcase classname="MaheshChavan.test.ErrorValidationsTest" name="ProductErrorValidation" time="16.042"/>
  <testcase classname="MaheshChavan.test.ErrorValidationsTest" name="LoginErrorValidation" time="8.569"/>
</testsuite> <!-- MaheshChavan.test.ErrorValidationsTest -->
