<?xml version="1.0" encoding="UTF-8"?>
<!-- Generated by org.testng.reporters.JUnitReportReporter -->
<testsuite hostname="DESKTOP-DIQN68A" failures="0" tests="3" name="MaheshChavan.test.SubmitOrderTest" time="37.291" errors="0" timestamp="2024-12-12T19:18:22 IST" skipped="0">
  <testcase classname="MaheshChavan.test.SubmitOrderTest" name="submitorder" time="12.327"/>
  <testcase classname="MaheshChavan.test.SubmitOrderTest" name="submitorder" time="10.743"/>
  <testcase classname="MaheshChavan.test.SubmitOrderTest" name="orderHistory" time="14.221"/>
</testsuite> <!-- MaheshChavan.test.SubmitOrderTest -->
